2021-06-28 14:53:17.853  INFO [dmp-fhe-patternsearch-service,,,] 292754 --- [main] s.c.a.AnnotationConfigApplicationContext : Refreshing org.springframework.context.annotation.AnnotationConfigApplicationContext@4bb8855f: startup date [Mon Jun 28 14:53:17 CEST 2021]; root of context hierarchy
2021-06-28 14:53:18.307  INFO [dmp-fhe-patternsearch-service,,,] 292754 --- [main] f.a.AutowiredAnnotationBeanPostProcessor : JSR-330 'javax.inject.Inject' annotation found and supported for autowiring
2021-06-28 14:53:18.368  INFO [dmp-fhe-patternsearch-service,,,] 292754 --- [main] trationDelegate$BeanPostProcessorChecker : Bean 'configurationPropertiesRebinderAutoConfiguration' of type [org.springframework.cloud.autoconfigure.ConfigurationPropertiesRebinderAutoConfiguration$$EnhancerBySpringCGLIB$$88d290f3] is not eligible for getting processed by all BeanPostProcessors (for example: not eligible for auto-proxying)
2021-06-28 14:53:18.780  INFO [dmp-fhe-patternsearch-service,,,] 292754 --- [main] c.c.c.ConfigServicePropertySourceLocator : Fetching config from server at: http://localhost:8888
2021-06-28 14:53:18.874  WARN [dmp-fhe-patternsearch-service,,,] 292754 --- [main] c.c.c.ConfigServicePropertySourceLocator : Could not locate PropertySource: I/O error on GET request for "http://localhost:8888/dmp-fhe-patternsearch-service/test": Connection refused (Connection refused); nested exception is java.net.ConnectException: Connection refused (Connection refused)
2021-06-28 14:53:18.898  INFO [dmp-fhe-patternsearch-service,,,] 292754 --- [main] f.c.b.f.r.test.SampleRepositoryTest      : The following profiles are active: test
2021-06-28 14:53:18.907  INFO [dmp-fhe-patternsearch-service,,,] 292754 --- [main] ationConfigEmbeddedWebApplicationContext : Refreshing org.springframework.boot.context.embedded.AnnotationConfigEmbeddedWebApplicationContext@750a04ec: startup date [Mon Jun 28 14:53:18 CEST 2021]; parent: org.springframework.context.annotation.AnnotationConfigApplicationContext@4bb8855f
2021-06-28 14:53:20.018  INFO [dmp-fhe-patternsearch-service,,,] 292754 --- [main] o.s.i.config.IntegrationRegistrar        : No bean named 'integrationHeaderChannelRegistry' has been explicitly defined. Therefore, a default DefaultHeaderChannelRegistry will be created.
2021-06-28 14:53:20.670  INFO [dmp-fhe-patternsearch-service,,,] 292754 --- [main] o.s.cloud.context.scope.GenericScope     : BeanFactory id=3d50a125-c8b6-3df8-850b-7dafa11896d9
2021-06-28 14:53:20.758  INFO [dmp-fhe-patternsearch-service,,,] 292754 --- [main] faultConfiguringBeanFactoryPostProcessor : No bean named 'errorChannel' has been explicitly defined. Therefore, a default PublishSubscribeChannel will be created.
2021-06-28 14:53:20.762  INFO [dmp-fhe-patternsearch-service,,,] 292754 --- [main] faultConfiguringBeanFactoryPostProcessor : No bean named 'taskScheduler' has been explicitly defined. Therefore, a default ThreadPoolTaskScheduler will be created.
2021-06-28 14:53:20.785  INFO [dmp-fhe-patternsearch-service,,,] 292754 --- [main] f.a.AutowiredAnnotationBeanPostProcessor : JSR-330 'javax.inject.Inject' annotation found and supported for autowiring
2021-06-28 14:53:21.008  INFO [dmp-fhe-patternsearch-service,,,] 292754 --- [main] trationDelegate$BeanPostProcessorChecker : Bean 'org.springframework.cloud.sleuth.annotation.SleuthAnnotationAutoConfiguration' of type [org.springframework.cloud.sleuth.annotation.SleuthAnnotationAutoConfiguration$$EnhancerBySpringCGLIB$$6f1dd428] is not eligible for getting processed by all BeanPostProcessors (for example: not eligible for auto-proxying)
2021-06-28 14:53:21.209  INFO [dmp-fhe-patternsearch-service,,,] 292754 --- [main] trationDelegate$BeanPostProcessorChecker : Bean 'sleuthAdvisorConfig' of type [org.springframework.cloud.sleuth.annotation.SleuthAdvisorConfig] is not eligible for getting processed by all BeanPostProcessors (for example: not eligible for auto-proxying)
2021-06-28 14:53:21.222  INFO [dmp-fhe-patternsearch-service,,,] 292754 --- [main] trationDelegate$BeanPostProcessorChecker : Bean 'org.springframework.transaction.annotation.ProxyTransactionManagementConfiguration' of type [org.springframework.transaction.annotation.ProxyTransactionManagementConfiguration$$EnhancerBySpringCGLIB$$6cb88df6] is not eligible for getting processed by all BeanPostProcessors (for example: not eligible for auto-proxying)
2021-06-28 14:53:21.308  INFO [dmp-fhe-patternsearch-service,,,] 292754 --- [main] trationDelegate$BeanPostProcessorChecker : Bean 'org.springframework.cloud.netflix.metrics.MetricsInterceptorConfiguration$MetricsRestTemplateConfiguration' of type [org.springframework.cloud.netflix.metrics.MetricsInterceptorConfiguration$MetricsRestTemplateConfiguration$$EnhancerBySpringCGLIB$$9ee53437] is not eligible for getting processed by all BeanPostProcessors (for example: not eligible for auto-proxying)
2021-06-28 14:53:21.379  INFO [dmp-fhe-patternsearch-service,,,] 292754 --- [main] trationDelegate$BeanPostProcessorChecker : Bean 'integrationGlobalProperties' of type [org.springframework.beans.factory.config.PropertiesFactoryBean] is not eligible for getting processed by all BeanPostProcessors (for example: not eligible for auto-proxying)
2021-06-28 14:53:21.387  INFO [dmp-fhe-patternsearch-service,,,] 292754 --- [main] trationDelegate$BeanPostProcessorChecker : Bean 'integrationGlobalProperties' of type [java.util.Properties] is not eligible for getting processed by all BeanPostProcessors (for example: not eligible for auto-proxying)
2021-06-28 14:53:21.479  INFO [dmp-fhe-patternsearch-service,,,] 292754 --- [main] trationDelegate$BeanPostProcessorChecker : Bean 'org.springframework.cloud.autoconfigure.ConfigurationPropertiesRebinderAutoConfiguration' of type [org.springframework.cloud.autoconfigure.ConfigurationPropertiesRebinderAutoConfiguration$$EnhancerBySpringCGLIB$$88d290f3] is not eligible for getting processed by all BeanPostProcessors (for example: not eligible for auto-proxying)
2021-06-28 14:53:21.497  INFO [dmp-fhe-patternsearch-service,,,] 292754 --- [main] trationDelegate$BeanPostProcessorChecker : Bean 'org.springframework.cloud.sleuth.instrument.web.client.feign.TraceFeignClientAutoConfiguration$FeignBeanPostProcessorConfiguration' of type [org.springframework.cloud.sleuth.instrument.web.client.feign.TraceFeignClientAutoConfiguration$FeignBeanPostProcessorConfiguration$$EnhancerBySpringCGLIB$$ac4a66bc] is not eligible for getting processed by all BeanPostProcessors (for example: not eligible for auto-proxying)
2021-06-28 14:53:21.525  INFO [dmp-fhe-patternsearch-service,,,] 292754 --- [main] trationDelegate$BeanPostProcessorChecker : Bean 'org.springframework.cloud.sleuth.instrument.async.AsyncDefaultAutoConfiguration' of type [org.springframework.cloud.sleuth.instrument.async.AsyncDefaultAutoConfiguration$$EnhancerBySpringCGLIB$$549c3a15] is not eligible for getting processed by all BeanPostProcessors (for example: not eligible for auto-proxying)
2021-06-28 14:53:21.543  INFO [dmp-fhe-patternsearch-service,,,] 292754 --- [main] trationDelegate$BeanPostProcessorChecker : Bean 'org.springframework.cloud.sleuth.instrument.web.client.TraceWebClientAutoConfiguration' of type [org.springframework.cloud.sleuth.instrument.web.client.TraceWebClientAutoConfiguration$$EnhancerBySpringCGLIB$$194b5975] is not eligible for getting processed by all BeanPostProcessors (for example: not eligible for auto-proxying)
2021-06-28 14:53:21.570  INFO [dmp-fhe-patternsearch-service,,,] 292754 --- [main] f.a.AutowiredAnnotationBeanPostProcessor : JSR-330 'javax.inject.Inject' annotation found and supported for autowiring
2021-06-28 14:53:22.031  INFO [dmp-fhe-patternsearch-service,,,] 292754 --- [main] s.b.c.e.t.TomcatEmbeddedServletContainer : Tomcat initialized with port(s): 0 (http)
2021-06-28 14:53:22.097  INFO [dmp-fhe-patternsearch-service,,,] 292754 --- [main] o.apache.catalina.core.StandardService   : Starting service [Tomcat]
2021-06-28 14:53:22.097  INFO [dmp-fhe-patternsearch-service,,,] 292754 --- [main] org.apache.catalina.core.StandardEngine  : Starting Servlet Engine: Apache Tomcat/8.5.35
2021-06-28 14:53:22.249  INFO [dmp-fhe-patternsearch-service,,,] 292754 --- [localhost-startStop-1] o.a.c.c.C.[Tomcat].[localhost].[/]       : Initializing Spring embedded WebApplicationContext
2021-06-28 14:53:22.250  INFO [dmp-fhe-patternsearch-service,,,] 292754 --- [localhost-startStop-1] o.s.web.context.ContextLoader            : Root WebApplicationContext: initialization completed in 3343 ms
2021-06-28 14:53:22.785  INFO [dmp-fhe-patternsearch-service,,,] 292754 --- [localhost-startStop-1] o.s.b.w.servlet.FilterRegistrationBean   : Mapping filter: 'metricsFilter' to: [/*]
2021-06-28 14:53:22.785  INFO [dmp-fhe-patternsearch-service,,,] 292754 --- [localhost-startStop-1] o.s.b.w.servlet.FilterRegistrationBean   : Mapping filter: 'characterEncodingFilter' to: [/*]
2021-06-28 14:53:22.786  INFO [dmp-fhe-patternsearch-service,,,] 292754 --- [localhost-startStop-1] o.s.b.w.servlet.FilterRegistrationBean   : Mapping filter: 'traceFilter' to: [/*]
2021-06-28 14:53:22.786  INFO [dmp-fhe-patternsearch-service,,,] 292754 --- [localhost-startStop-1] o.s.b.w.servlet.FilterRegistrationBean   : Mapping filter: 'hiddenHttpMethodFilter' to: [/*]
2021-06-28 14:53:22.786  INFO [dmp-fhe-patternsearch-service,,,] 292754 --- [localhost-startStop-1] o.s.b.w.servlet.FilterRegistrationBean   : Mapping filter: 'httpPutFormContentFilter' to: [/*]
2021-06-28 14:53:22.786  INFO [dmp-fhe-patternsearch-service,,,] 292754 --- [localhost-startStop-1] o.s.b.w.servlet.FilterRegistrationBean   : Mapping filter: 'requestContextFilter' to: [/*]
2021-06-28 14:53:22.786  INFO [dmp-fhe-patternsearch-service,,,] 292754 --- [localhost-startStop-1] o.s.b.w.servlet.FilterRegistrationBean   : Mapping filter: 'webRequestLoggingFilter' to: [/*]
2021-06-28 14:53:22.786  INFO [dmp-fhe-patternsearch-service,,,] 292754 --- [localhost-startStop-1] o.s.b.w.servlet.FilterRegistrationBean   : Mapping filter: 'applicationContextIdFilter' to: [/*]
2021-06-28 14:53:22.787  INFO [dmp-fhe-patternsearch-service,,,] 292754 --- [localhost-startStop-1] o.s.b.w.servlet.ServletRegistrationBean  : Mapping servlet: 'dispatcherServlet' to [/]
2021-06-28 14:53:23.285  INFO [dmp-fhe-patternsearch-service,,,] 292754 --- [main] j.LocalContainerEntityManagerFactoryBean : Building JPA container EntityManagerFactory for persistence unit 'default'
2021-06-28 14:53:23.304  INFO [dmp-fhe-patternsearch-service,,,] 292754 --- [main] o.hibernate.jpa.internal.util.LogHelper  : HHH000204: Processing PersistenceUnitInfo [
	name: default
	...]
2021-06-28 14:53:23.390  INFO [dmp-fhe-patternsearch-service,,,] 292754 --- [main] org.hibernate.Version                    : HHH000412: Hibernate Core {5.0.12.Final}
2021-06-28 14:53:23.392  INFO [dmp-fhe-patternsearch-service,,,] 292754 --- [main] org.hibernate.cfg.Environment            : HHH000206: hibernate.properties not found
2021-06-28 14:53:23.394  INFO [dmp-fhe-patternsearch-service,,,] 292754 --- [main] org.hibernate.cfg.Environment            : HHH000021: Bytecode provider name : javassist
2021-06-28 14:53:23.449  INFO [dmp-fhe-patternsearch-service,,,] 292754 --- [main] o.hibernate.annotations.common.Version   : HCANN000001: Hibernate Commons Annotations {5.0.1.Final}
2021-06-28 14:53:23.592  INFO [dmp-fhe-patternsearch-service,,,] 292754 --- [main] org.hibernate.dialect.Dialect            : HHH000400: Using dialect: org.hibernate.dialect.PostgreSQLDialect
2021-06-28 14:53:23.861  INFO [dmp-fhe-patternsearch-service,,,] 292754 --- [main] o.h.e.j.e.i.LobCreatorBuilderImpl        : HHH000424: Disabling contextual LOB creation as createClob() method threw error : java.lang.reflect.InvocationTargetException
2021-06-28 14:53:23.863  INFO [dmp-fhe-patternsearch-service,,,] 292754 --- [main] org.hibernate.type.BasicTypeRegistry     : HHH000270: Type registration [java.util.UUID] overrides previous : org.hibernate.type.UUIDBinaryType@71eb4ea4
2021-06-28 14:53:24.281  INFO [dmp-fhe-patternsearch-service,,,] 292754 --- [main] org.hibernate.tool.hbm2ddl.SchemaUpdate  : HHH000228: Running hbm2ddl schema update
2021-06-28 14:53:24.372  INFO [dmp-fhe-patternsearch-service,,,] 292754 --- [main] j.LocalContainerEntityManagerFactoryBean : Initialized JPA EntityManagerFactory for persistence unit 'default'
2021-06-28 14:53:26.101  INFO [dmp-fhe-patternsearch-service,,,] 292754 --- [main] o.a.c.c.C.[Tomcat].[localhost].[/]       : jolokia: No access restrictor found, access to any MBean is allowed
2021-06-28 14:53:26.559  INFO [dmp-fhe-patternsearch-service,,,] 292754 --- [main] s.w.s.m.m.a.RequestMappingHandlerMapping : Mapped "{[/openapi/v1/prepare-data-master/drivingLicense/01-uploadFile],methods=[POST]}" onto public org.springframework.http.ResponseEntity<java.lang.String> fr.cea.bigpi.fhe.dap.patternsearch.controller.ClientControllerImpl.uploadDrivingLicenseFile(org.springframework.web.multipart.MultipartFile,java.lang.String)
2021-06-28 14:53:26.560  INFO [dmp-fhe-patternsearch-service,,,] 292754 --- [main] s.w.s.m.m.a.RequestMappingHandlerMapping : Mapped "{[/openapi/v1/prepare-data-master/drivingLicense/02-checkByFile],methods=[POST]}" onto public org.springframework.http.ResponseEntity<byte[]> fr.cea.bigpi.fhe.dap.patternsearch.controller.ClientControllerImpl.drivingLicenseCheckByFile(java.lang.String,java.lang.String)
2021-06-28 14:53:26.563  INFO [dmp-fhe-patternsearch-service,,,] 292754 --- [main] s.w.s.m.m.a.RequestMappingHandlerMapping : Mapped "{[/openapi/v1/prepare-data-master/drivingLicense],methods=[POST]}" onto public org.springframework.http.ResponseEntity<fr.cea.bigpi.fhe.dap.patternsearch.model.Description> fr.cea.bigpi.fhe.dap.patternsearch.controller.ClientControllerImpl.createDrivingLicense(org.springframework.web.multipart.MultipartFile,java.lang.String,java.lang.Integer,java.lang.String)
2021-06-28 14:53:26.566  INFO [dmp-fhe-patternsearch-service,,,] 292754 --- [main] s.w.s.m.m.a.RequestMappingHandlerMapping : Mapped "{[/openapi/v1/prepare-data-master/drivingLicense],methods=[PUT]}" onto public org.springframework.http.ResponseEntity<fr.cea.bigpi.fhe.dap.patternsearch.model.Description> fr.cea.bigpi.fhe.dap.patternsearch.controller.ClientControllerImpl.updateDrivingLicense(org.springframework.web.multipart.MultipartFile,java.lang.Integer,java.lang.String,java.lang.Integer,java.lang.String)
2021-06-28 14:53:26.566  INFO [dmp-fhe-patternsearch-service,,,] 292754 --- [main] s.w.s.m.m.a.RequestMappingHandlerMapping : Mapped "{[/openapi/v1/prepare-data-master/drivingLicense],methods=[DELETE]}" onto public org.springframework.http.ResponseEntity<fr.cea.bigpi.fhe.dap.patternsearch.model.Description> fr.cea.bigpi.fhe.dap.patternsearch.controller.ClientControllerImpl.deleteDrivingLicense(java.lang.Integer,java.lang.String)
2021-06-28 14:53:26.570  INFO [dmp-fhe-patternsearch-service,,,] 292754 --- [main] s.w.s.m.m.a.RequestMappingHandlerMapping : Mapped "{[/openapi/v1/name/{username}],methods=[GET],produces=[application/json]}" onto public org.springframework.http.ResponseEntity<java.lang.String> fr.cea.bigpi.fhe.dap.patternsearch.controller.DrivingLicenseControllerImpl.hello(java.lang.String)
2021-06-28 14:53:26.570  INFO [dmp-fhe-patternsearch-service,,,] 292754 --- [main] s.w.s.m.m.a.RequestMappingHandlerMapping : Mapped "{[/openapi/v1/crud-data-master/data/decrypteddrivingLicenses],methods=[GET],produces=[application/json]}" onto public org.springframework.http.ResponseEntity<java.util.List<fr.cea.bigpi.fhe.dap.patternsearch.model.DrivingLicense>> fr.cea.bigpi.fhe.dap.patternsearch.controller.DrivingLicenseControllerImpl.getAllDecryptedDrivingLicenses()
2021-06-28 14:53:26.571  INFO [dmp-fhe-patternsearch-service,,,] 292754 --- [main] s.w.s.m.m.a.RequestMappingHandlerMapping : Mapped "{[/openapi/v1/crud-data-master/data/drivingLicenses],methods=[GET],produces=[application/json]}" onto public org.springframework.http.ResponseEntity<fr.cea.bigpi.fhe.dap.patternsearch.model.DrivingLicense> fr.cea.bigpi.fhe.dap.patternsearch.controller.DrivingLicenseControllerImpl.getDecryptedDrivingLicense(java.lang.Integer)
2021-06-28 14:53:26.571  INFO [dmp-fhe-patternsearch-service,,,] 292754 --- [main] s.w.s.m.m.a.RequestMappingHandlerMapping : Mapped "{[/openapi/v1/crud-data-master/data/drivingLicenses],methods=[POST],produces=[application/json]}" onto public org.springframework.http.ResponseEntity<fr.cea.bigpi.fhe.dap.patternsearch.model.Description> fr.cea.bigpi.fhe.dap.patternsearch.controller.DrivingLicenseControllerImpl.createDrivingLicense(java.lang.String,java.lang.String,java.lang.Integer,java.lang.String)
2021-06-28 14:53:26.572  INFO [dmp-fhe-patternsearch-service,,,] 292754 --- [main] s.w.s.m.m.a.RequestMappingHandlerMapping : Mapped "{[/openapi/v1/crud-data-master/data/drivingLicenses],methods=[PUT],produces=[application/json]}" onto public org.springframework.http.ResponseEntity<fr.cea.bigpi.fhe.dap.patternsearch.model.Description> fr.cea.bigpi.fhe.dap.patternsearch.controller.DrivingLicenseControllerImpl.updateDrivingLicense(java.lang.Integer,java.lang.String,java.lang.String,java.lang.Integer,java.lang.String)
2021-06-28 14:53:26.572  INFO [dmp-fhe-patternsearch-service,,,] 292754 --- [main] s.w.s.m.m.a.RequestMappingHandlerMapping : Mapped "{[/openapi/v1/crud-data-master/data/drivingLicenses],methods=[DELETE],produces=[application/json]}" onto public org.springframework.http.ResponseEntity<fr.cea.bigpi.fhe.dap.patternsearch.model.Description> fr.cea.bigpi.fhe.dap.patternsearch.controller.DrivingLicenseControllerImpl.deleteDrivingLicense(java.lang.Integer)
2021-06-28 14:53:26.572  INFO [dmp-fhe-patternsearch-service,,,] 292754 --- [main] s.w.s.m.m.a.RequestMappingHandlerMapping : Mapped "{[/openapi/v1/crud-data-master/data/all/drivingLicenses],methods=[GET],produces=[application/json]}" onto public org.springframework.http.ResponseEntity<java.util.List<fr.cea.bigpi.fhe.dap.patternsearch.model.DrivingLicense>> fr.cea.bigpi.fhe.dap.patternsearch.controller.DrivingLicenseControllerImpl.getAllDrivingLicenses()
2021-06-28 14:53:26.573  INFO [dmp-fhe-patternsearch-service,,,] 292754 --- [main] s.w.s.m.m.a.RequestMappingHandlerMapping : Mapped "{[/]}" onto public java.lang.String fr.cea.bigpi.fhe.dap.patternsearch.controller.HomeController.index()
2021-06-28 14:53:26.575  INFO [dmp-fhe-patternsearch-service,,,] 292754 --- [main] s.w.s.m.m.a.RequestMappingHandlerMapping : Mapped "{[/swagger-resources/configuration/ui]}" onto public org.springframework.http.ResponseEntity<springfox.documentation.swagger.web.UiConfiguration> springfox.documentation.swagger.web.ApiResourceController.uiConfiguration()
2021-06-28 14:53:26.580  INFO [dmp-fhe-patternsearch-service,,,] 292754 --- [main] s.w.s.m.m.a.RequestMappingHandlerMapping : Mapped "{[/swagger-resources/configuration/security]}" onto public org.springframework.http.ResponseEntity<springfox.documentation.swagger.web.SecurityConfiguration> springfox.documentation.swagger.web.ApiResourceController.securityConfiguration()
2021-06-28 14:53:26.582  INFO [dmp-fhe-patternsearch-service,,,] 292754 --- [main] s.w.s.m.m.a.RequestMappingHandlerMapping : Mapped "{[/swagger-resources]}" onto public org.springframework.http.ResponseEntity<java.util.List<springfox.documentation.swagger.web.SwaggerResource>> springfox.documentation.swagger.web.ApiResourceController.swaggerResources()
2021-06-28 14:53:26.593  INFO [dmp-fhe-patternsearch-service,,,] 292754 --- [main] s.w.s.m.m.a.RequestMappingHandlerMapping : Mapped "{[/error]}" onto public org.springframework.http.ResponseEntity<java.util.Map<java.lang.String, java.lang.Object>> org.springframework.boot.autoconfigure.web.BasicErrorController.error(javax.servlet.http.HttpServletRequest)
2021-06-28 14:53:26.593  INFO [dmp-fhe-patternsearch-service,,,] 292754 --- [main] s.w.s.m.m.a.RequestMappingHandlerMapping : Mapped "{[/error],produces=[text/html]}" onto public org.springframework.web.servlet.ModelAndView org.springframework.boot.autoconfigure.web.BasicErrorController.errorHtml(javax.servlet.http.HttpServletRequest,javax.servlet.http.HttpServletResponse)
2021-06-28 14:53:26.682  WARN [dmp-fhe-patternsearch-service,,,] 292754 --- [main] c.n.c.sources.URLConfigurationSource     : No URLs will be polled as dynamic configuration sources.
2021-06-28 14:53:26.683  INFO [dmp-fhe-patternsearch-service,,,] 292754 --- [main] c.n.c.sources.URLConfigurationSource     : To enable URLs as dynamic configuration sources, define System property archaius.configurationSource.additionalUrls or make config.properties available on classpath.
2021-06-28 14:53:26.690  INFO [dmp-fhe-patternsearch-service,,,] 292754 --- [main] c.netflix.config.DynamicPropertyFactory  : DynamicPropertyFactory is initialized with configuration sources: com.netflix.config.ConcurrentCompositeConfiguration@e60c516
2021-06-28 14:53:27.525  INFO [dmp-fhe-patternsearch-service,,,] 292754 --- [main] o.s.b.a.e.mvc.EndpointHandlerMapping     : Mapped "{[/auditevents || /auditevents.json],methods=[GET],produces=[application/vnd.spring-boot.actuator.v1+json || application/json]}" onto public org.springframework.http.ResponseEntity<?> org.springframework.boot.actuate.endpoint.mvc.AuditEventsMvcEndpoint.findByPrincipalAndAfterAndType(java.lang.String,java.util.Date,java.lang.String)
2021-06-28 14:53:27.527  INFO [dmp-fhe-patternsearch-service,,,] 292754 --- [main] o.s.b.a.e.mvc.EndpointHandlerMapping     : Mapped "{[/jolokia/**]}" onto public org.springframework.web.servlet.ModelAndView org.springframework.boot.actuate.endpoint.mvc.JolokiaMvcEndpoint.handle(javax.servlet.http.HttpServletRequest,javax.servlet.http.HttpServletResponse) throws java.lang.Exception
2021-06-28 14:53:27.531  INFO [dmp-fhe-patternsearch-service,,,] 292754 --- [main] o.s.b.a.e.mvc.EndpointHandlerMapping     : Mapped "{[/loggers/{name:.*}],methods=[GET],produces=[application/vnd.spring-boot.actuator.v1+json || application/json]}" onto public java.lang.Object org.springframework.boot.actuate.endpoint.mvc.LoggersMvcEndpoint.get(java.lang.String)
2021-06-28 14:53:27.531  INFO [dmp-fhe-patternsearch-service,,,] 292754 --- [main] o.s.b.a.e.mvc.EndpointHandlerMapping     : Mapped "{[/loggers/{name:.*}],methods=[POST],consumes=[application/vnd.spring-boot.actuator.v1+json || application/json],produces=[application/vnd.spring-boot.actuator.v1+json || application/json]}" onto public java.lang.Object org.springframework.boot.actuate.endpoint.mvc.LoggersMvcEndpoint.set(java.lang.String,java.util.Map<java.lang.String, java.lang.String>)
2021-06-28 14:53:27.532  INFO [dmp-fhe-patternsearch-service,,,] 292754 --- [main] o.s.b.a.e.mvc.EndpointHandlerMapping     : Mapped "{[/loggers || /loggers.json],methods=[GET],produces=[application/vnd.spring-boot.actuator.v1+json || application/json]}" onto public java.lang.Object org.springframework.boot.actuate.endpoint.mvc.EndpointMvcAdapter.invoke()
2021-06-28 14:53:27.532  INFO [dmp-fhe-patternsearch-service,,,] 292754 --- [main] o.s.b.a.e.mvc.EndpointHandlerMapping     : Mapped "{[/autoconfig || /autoconfig.json],methods=[GET],produces=[application/vnd.spring-boot.actuator.v1+json || application/json]}" onto public java.lang.Object org.springframework.boot.actuate.endpoint.mvc.EndpointMvcAdapter.invoke()
2021-06-28 14:53:27.533  INFO [dmp-fhe-patternsearch-service,,,] 292754 --- [main] o.s.b.a.e.mvc.EndpointHandlerMapping     : Mapped "{[/hystrix.stream/**]}" onto public org.springframework.web.servlet.ModelAndView org.springframework.cloud.netflix.endpoint.ServletWrappingEndpoint.handle(javax.servlet.http.HttpServletRequest,javax.servlet.http.HttpServletResponse) throws java.lang.Exception
2021-06-28 14:53:27.533  INFO [dmp-fhe-patternsearch-service,,,] 292754 --- [main] o.s.b.a.e.mvc.EndpointHandlerMapping     : Mapped "{[/metrics/{name:.*}],methods=[GET],produces=[application/vnd.spring-boot.actuator.v1+json || application/json]}" onto public java.lang.Object org.springframework.boot.actuate.endpoint.mvc.MetricsMvcEndpoint.value(java.lang.String)
2021-06-28 14:53:27.534  INFO [dmp-fhe-patternsearch-service,,,] 292754 --- [main] o.s.b.a.e.mvc.EndpointHandlerMapping     : Mapped "{[/metrics || /metrics.json],methods=[GET],produces=[application/vnd.spring-boot.actuator.v1+json || application/json]}" onto public java.lang.Object org.springframework.boot.actuate.endpoint.mvc.EndpointMvcAdapter.invoke()
2021-06-28 14:53:27.537  INFO [dmp-fhe-patternsearch-service,,,] 292754 --- [main] o.s.b.a.e.mvc.EndpointHandlerMapping     : Mapped "{[/env/{name:.*}],methods=[GET],produces=[application/vnd.spring-boot.actuator.v1+json || application/json]}" onto public java.lang.Object org.springframework.boot.actuate.endpoint.mvc.EnvironmentMvcEndpoint.value(java.lang.String)
2021-06-28 14:53:27.537  INFO [dmp-fhe-patternsearch-service,,,] 292754 --- [main] o.s.b.a.e.mvc.EndpointHandlerMapping     : Mapped "{[/env || /env.json],methods=[GET],produces=[application/vnd.spring-boot.actuator.v1+json || application/json]}" onto public java.lang.Object org.springframework.boot.actuate.endpoint.mvc.EndpointMvcAdapter.invoke()
2021-06-28 14:53:27.538  INFO [dmp-fhe-patternsearch-service,,,] 292754 --- [main] o.s.b.a.e.mvc.EndpointHandlerMapping     : Mapped "{[/health || /health.json],methods=[GET],produces=[application/vnd.spring-boot.actuator.v1+json || application/json]}" onto public java.lang.Object org.springframework.boot.actuate.endpoint.mvc.HealthMvcEndpoint.invoke(javax.servlet.http.HttpServletRequest,java.security.Principal)
2021-06-28 14:53:27.538  INFO [dmp-fhe-patternsearch-service,,,] 292754 --- [main] o.s.b.a.e.mvc.EndpointHandlerMapping     : Mapped "{[/configprops || /configprops.json],methods=[GET],produces=[application/vnd.spring-boot.actuator.v1+json || application/json]}" onto public java.lang.Object org.springframework.boot.actuate.endpoint.mvc.EndpointMvcAdapter.invoke()
2021-06-28 14:53:27.539  INFO [dmp-fhe-patternsearch-service,,,] 292754 --- [main] o.s.b.a.e.mvc.EndpointHandlerMapping     : Mapped "{[/trace || /trace.json],methods=[GET],produces=[application/vnd.spring-boot.actuator.v1+json || application/json]}" onto public java.lang.Object org.springframework.boot.actuate.endpoint.mvc.EndpointMvcAdapter.invoke()
2021-06-28 14:53:27.540  INFO [dmp-fhe-patternsearch-service,,,] 292754 --- [main] o.s.b.a.e.mvc.EndpointHandlerMapping     : Mapped "{[/dump || /dump.json],methods=[GET],produces=[application/vnd.spring-boot.actuator.v1+json || application/json]}" onto public java.lang.Object org.springframework.boot.actuate.endpoint.mvc.EndpointMvcAdapter.invoke()
2021-06-28 14:53:27.541  INFO [dmp-fhe-patternsearch-service,,,] 292754 --- [main] o.s.b.a.e.mvc.EndpointHandlerMapping     : Mapped "{[/features || /features.json],methods=[GET],produces=[application/vnd.spring-boot.actuator.v1+json || application/json]}" onto public java.lang.Object org.springframework.boot.actuate.endpoint.mvc.EndpointMvcAdapter.invoke()
2021-06-28 14:53:27.541  INFO [dmp-fhe-patternsearch-service,,,] 292754 --- [main] o.s.b.a.e.mvc.EndpointHandlerMapping     : Mapped "{[/env],methods=[POST]}" onto public java.lang.Object org.springframework.cloud.context.environment.EnvironmentManagerMvcEndpoint.value(java.util.Map<java.lang.String, java.lang.String>)
2021-06-28 14:53:27.542  INFO [dmp-fhe-patternsearch-service,,,] 292754 --- [main] o.s.b.a.e.mvc.EndpointHandlerMapping     : Mapped "{[/env/reset],methods=[POST]}" onto public java.util.Map<java.lang.String, java.lang.Object> org.springframework.cloud.context.environment.EnvironmentManagerMvcEndpoint.reset()
2021-06-28 14:53:27.543  INFO [dmp-fhe-patternsearch-service,,,] 292754 --- [main] o.s.b.a.e.mvc.EndpointHandlerMapping     : Mapped "{[/info || /info.json],methods=[GET],produces=[application/vnd.spring-boot.actuator.v1+json || application/json]}" onto public java.lang.Object org.springframework.boot.actuate.endpoint.mvc.EndpointMvcAdapter.invoke()
2021-06-28 14:53:27.543  INFO [dmp-fhe-patternsearch-service,,,] 292754 --- [main] o.s.b.a.e.mvc.EndpointHandlerMapping     : Mapped "{[/beans || /beans.json],methods=[GET],produces=[application/vnd.spring-boot.actuator.v1+json || application/json]}" onto public java.lang.Object org.springframework.boot.actuate.endpoint.mvc.EndpointMvcAdapter.invoke()
2021-06-28 14:53:27.544  INFO [dmp-fhe-patternsearch-service,,,] 292754 --- [main] o.s.b.a.e.mvc.EndpointHandlerMapping     : Mapped "{[/refresh || /refresh.json],methods=[POST]}" onto public java.lang.Object org.springframework.cloud.endpoint.GenericPostableMvcEndpoint.invoke()
2021-06-28 14:53:27.547  INFO [dmp-fhe-patternsearch-service,,,] 292754 --- [main] o.s.b.a.e.mvc.EndpointHandlerMapping     : Mapped "{[/archaius || /archaius.json],methods=[GET],produces=[application/vnd.spring-boot.actuator.v1+json || application/json]}" onto public java.lang.Object org.springframework.boot.actuate.endpoint.mvc.EndpointMvcAdapter.invoke()
2021-06-28 14:53:27.549  INFO [dmp-fhe-patternsearch-service,,,] 292754 --- [main] o.s.b.a.e.mvc.EndpointHandlerMapping     : Mapped "{[/heapdump || /heapdump.json],methods=[GET],produces=[application/octet-stream]}" onto public void org.springframework.boot.actuate.endpoint.mvc.HeapdumpMvcEndpoint.invoke(boolean,javax.servlet.http.HttpServletRequest,javax.servlet.http.HttpServletResponse) throws java.io.IOException,javax.servlet.ServletException
2021-06-28 14:53:27.550  INFO [dmp-fhe-patternsearch-service,,,] 292754 --- [main] o.s.b.a.e.mvc.EndpointHandlerMapping     : Mapped "{[/mappings || /mappings.json],methods=[GET],produces=[application/vnd.spring-boot.actuator.v1+json || application/json]}" onto public java.lang.Object org.springframework.boot.actuate.endpoint.mvc.EndpointMvcAdapter.invoke()
2021-06-28 14:53:27.791  INFO [dmp-fhe-patternsearch-service,,,] 292754 --- [main] pertySourcedRequestMappingHandlerMapping : Mapped URL path [/v2/api-docs] onto method [public org.springframework.http.ResponseEntity<springfox.documentation.spring.web.json.Json> springfox.documentation.swagger2.web.Swagger2Controller.getDocumentation(java.lang.String,javax.servlet.http.HttpServletRequest)]
2021-06-28 14:53:27.941  INFO [dmp-fhe-patternsearch-service,,,] 292754 --- [main] o.a.c.c.C.[Tomcat].[localhost].[/]       : Initializing Spring FrameworkServlet ''
2021-06-28 14:53:27.941  INFO [dmp-fhe-patternsearch-service,,,] 292754 --- [main] o.s.t.web.servlet.TestDispatcherServlet  : FrameworkServlet '': initialization started
2021-06-28 14:53:28.031  INFO [dmp-fhe-patternsearch-service,,,] 292754 --- [main] o.s.w.s.handler.SimpleUrlHandlerMapping  : Mapped URL path [/webjars/**] onto handler of type [class org.springframework.web.servlet.resource.ResourceHttpRequestHandler]
2021-06-28 14:53:28.032  INFO [dmp-fhe-patternsearch-service,,,] 292754 --- [main] o.s.w.s.handler.SimpleUrlHandlerMapping  : Mapped URL path [/**] onto handler of type [class org.springframework.web.servlet.resource.ResourceHttpRequestHandler]
2021-06-28 14:53:28.089  INFO [dmp-fhe-patternsearch-service,,,] 292754 --- [main] o.s.w.s.handler.SimpleUrlHandlerMapping  : Mapped URL path [/**/favicon.ico] onto handler of type [class org.springframework.web.servlet.resource.ResourceHttpRequestHandler]
2021-06-28 14:53:28.232  INFO [dmp-fhe-patternsearch-service,,,] 292754 --- [main] s.w.s.m.m.a.RequestMappingHandlerAdapter : Looking for @ControllerAdvice: org.springframework.boot.context.embedded.AnnotationConfigEmbeddedWebApplicationContext@750a04ec: startup date [Mon Jun 28 14:53:18 CEST 2021]; parent: org.springframework.context.annotation.AnnotationConfigApplicationContext@4bb8855f
2021-06-28 14:53:28.424  WARN [dmp-fhe-patternsearch-service,,,] 292754 --- [main] .t.AbstractTemplateResolverConfiguration : Cannot find template location: classpath:/templates/ (please add some templates or check your Thymeleaf configuration)
2021-06-28 14:53:28.788  INFO [dmp-fhe-patternsearch-service,,,] 292754 --- [main] o.s.t.web.servlet.TestDispatcherServlet  : FrameworkServlet '': initialization completed in 846 ms
2021-06-28 14:53:28.859  WARN [dmp-fhe-patternsearch-service,,,] 292754 --- [main] c.n.c.sources.URLConfigurationSource     : No URLs will be polled as dynamic configuration sources.
2021-06-28 14:53:28.859  INFO [dmp-fhe-patternsearch-service,,,] 292754 --- [main] c.n.c.sources.URLConfigurationSource     : To enable URLs as dynamic configuration sources, define System property archaius.configurationSource.additionalUrls or make config.properties available on classpath.
2021-06-28 14:53:29.295  INFO [dmp-fhe-patternsearch-service,,,] 292754 --- [main] o.s.s.c.ThreadPoolTaskScheduler          : Initializing ExecutorService 'taskScheduler'
2021-06-28 14:53:29.939  INFO [dmp-fhe-patternsearch-service,,,] 292754 --- [main] o.s.s.c.ThreadPoolTaskScheduler          : Initializing ExecutorService
2021-06-28 14:53:30.017  INFO [dmp-fhe-patternsearch-service,,,] 292754 --- [main] f.a.AutowiredAnnotationBeanPostProcessor : JSR-330 'javax.inject.Inject' annotation found and supported for autowiring
2021-06-28 14:53:30.551  INFO [dmp-fhe-patternsearch-service,,,] 292754 --- [main] o.a.c.c.C.[Tomcat].[localhost].[/]       : jolokia: No access restrictor found, access to any MBean is allowed
2021-06-28 14:53:30.555  INFO [dmp-fhe-patternsearch-service,,,] 292754 --- [main] o.a.c.c.C.[Tomcat].[localhost].[/]       : jolokia: jolokia:type=Config is already registered. Adding it with jolokia:type=Config,uuid=dea7fd9a-8189-4b3c-88f9-d662b835050c, but you should revise your setup in order to either use a qualifier or ensure, that only a single agent gets registered (otherwise history functionality might not work)
2021-06-28 14:53:30.559  INFO [dmp-fhe-patternsearch-service,,,] 292754 --- [main] o.a.c.c.C.[Tomcat].[localhost].[/]       : jolokia: Cannot register (legacy) MBean handler for config store with name jmx4perl:type=Config since it already exists. This is the case if another agent has been already started within the same JVM. The registration is skipped.
2021-06-28 14:53:30.560  INFO [dmp-fhe-patternsearch-service,,,] 292754 --- [main] o.a.c.c.C.[Tomcat].[localhost].[/]       : jolokia: Jolokia Discovery MBean registration is skipped because there is already one registered.
2021-06-28 14:53:30.633  INFO [dmp-fhe-patternsearch-service,,,] 292754 --- [main] o.s.c.support.DefaultLifecycleProcessor  : Starting beans in phase 0
2021-06-28 14:53:30.634  INFO [dmp-fhe-patternsearch-service,,,] 292754 --- [main] o.s.i.endpoint.EventDrivenConsumer       : Adding {logging-channel-adapter:_org.springframework.integration.errorLogger} as a subscriber to the 'errorChannel' channel
2021-06-28 14:53:30.634  INFO [dmp-fhe-patternsearch-service,,,] 292754 --- [main] o.s.i.channel.PublishSubscribeChannel    : Channel 'dmp-fhe-patternsearch-service:test:0.errorChannel' has 1 subscriber(s).
2021-06-28 14:53:30.634  INFO [dmp-fhe-patternsearch-service,,,] 292754 --- [main] o.s.i.endpoint.EventDrivenConsumer       : started _org.springframework.integration.errorLogger
2021-06-28 14:53:30.634  INFO [dmp-fhe-patternsearch-service,,,] 292754 --- [main] o.s.c.support.DefaultLifecycleProcessor  : Starting beans in phase 2147483647
2021-06-28 14:53:30.634  INFO [dmp-fhe-patternsearch-service,,,] 292754 --- [main] d.s.w.p.DocumentationPluginsBootstrapper : Context refreshed
2021-06-28 14:53:30.663  INFO [dmp-fhe-patternsearch-service,,,] 292754 --- [main] d.s.w.p.DocumentationPluginsBootstrapper : Found 1 custom documentation plugin(s)
2021-06-28 14:53:30.725  INFO [dmp-fhe-patternsearch-service,,,] 292754 --- [main] s.d.s.w.s.ApiListingReferenceScanner     : Scanning for api listing references
2021-06-28 14:53:30.884  INFO [dmp-fhe-patternsearch-service,,,] 292754 --- [main] .d.s.w.r.o.CachingOperationNameGenerator : Generating unique operation named: createDrivingLicense_1
2021-06-28 14:53:30.890  INFO [dmp-fhe-patternsearch-service,,,] 292754 --- [main] .d.s.w.r.o.CachingOperationNameGenerator : Generating unique operation named: applySecureComputAPlusB_1
2021-06-28 14:53:30.896  INFO [dmp-fhe-patternsearch-service,,,] 292754 --- [main] .d.s.w.r.o.CachingOperationNameGenerator : Generating unique operation named: applySecureComputAPlusB_2
2021-06-28 14:53:30.900  INFO [dmp-fhe-patternsearch-service,,,] 292754 --- [main] .d.s.w.r.o.CachingOperationNameGenerator : Generating unique operation named: hello_1
2021-06-28 14:53:30.904  INFO [dmp-fhe-patternsearch-service,,,] 292754 --- [main] .d.s.w.r.o.CachingOperationNameGenerator : Generating unique operation named: applySecureComputAPlusB_3
2021-06-28 14:53:30.917  INFO [dmp-fhe-patternsearch-service,,,] 292754 --- [main] ration$HystrixMetricsPollerConfiguration : Starting poller
2021-06-28 14:53:31.006  INFO [dmp-fhe-patternsearch-service,,,] 292754 --- [main] s.b.c.e.t.TomcatEmbeddedServletContainer : Tomcat started on port(s): 37133 (http)
2021-06-28 14:53:31.015  INFO [dmp-fhe-patternsearch-service,,,] 292754 --- [main] f.c.b.f.r.test.SampleRepositoryTest      : Started SampleRepositoryTest in 14.152 seconds (JVM running for 15.195)
2021-06-28 14:53:31.069  INFO [dmp-fhe-patternsearch-service,,,] 292754 --- [main] f.c.b.f.r.test.SampleRepositoryTest      : Testing 1
2021-06-28 14:53:31.248  INFO [dmp-fhe-patternsearch-service,,,] 292754 --- [main] f.c.b.f.r.test.SampleRepositoryTest      : REsponse dmp-fhe-patternsearch-service say <test01get>
2021-06-28 14:53:31.267  INFO [dmp-fhe-patternsearch-service,,,] 292754 --- [main] f.c.b.f.r.test.SampleRepositoryTest      : Testing a+b groovy 
2021-06-28 14:53:31.529  INFO [dmp-fhe-patternsearch-service,,,] 292754 --- [main] f.c.b.f.r.test.SampleRepositoryTest      : Testing a+b groovy result : 'Tests 21 + 12'

2021-06-28 14:53:31.554  INFO [dmp-fhe-patternsearch-service,,,] 292754 --- [Thread-7] ationConfigEmbeddedWebApplicationContext : Closing org.springframework.boot.context.embedded.AnnotationConfigEmbeddedWebApplicationContext@750a04ec: startup date [Mon Jun 28 14:53:18 CEST 2021]; parent: org.springframework.context.annotation.AnnotationConfigApplicationContext@4bb8855f
2021-06-28 14:53:31.568  INFO [dmp-fhe-patternsearch-service,,,] 292754 --- [Thread-7] o.s.c.support.DefaultLifecycleProcessor  : Stopping beans in phase 2147483647
2021-06-28 14:53:31.570  INFO [dmp-fhe-patternsearch-service,,,] 292754 --- [Thread-7] o.s.c.support.DefaultLifecycleProcessor  : Stopping beans in phase 0
2021-06-28 14:53:31.572  INFO [dmp-fhe-patternsearch-service,,,] 292754 --- [Thread-7] o.s.i.endpoint.EventDrivenConsumer       : Removing {logging-channel-adapter:_org.springframework.integration.errorLogger} as a subscriber to the 'errorChannel' channel
2021-06-28 14:53:31.576  INFO [dmp-fhe-patternsearch-service,,,] 292754 --- [Thread-7] o.s.i.channel.PublishSubscribeChannel    : Channel 'dmp-fhe-patternsearch-service:test:0.errorChannel' has 0 subscriber(s).
2021-06-28 14:53:31.576  INFO [dmp-fhe-patternsearch-service,,,] 292754 --- [Thread-7] o.s.i.endpoint.EventDrivenConsumer       : stopped _org.springframework.integration.errorLogger
2021-06-28 14:53:31.579  INFO [dmp-fhe-patternsearch-service,,,] 292754 --- [Thread-7] o.s.s.c.ThreadPoolTaskScheduler          : Shutting down ExecutorService 'taskScheduler'
2021-06-28 14:53:31.596  INFO [dmp-fhe-patternsearch-service,,,] 292754 --- [Thread-7] j.LocalContainerEntityManagerFactoryBean : Closing JPA EntityManagerFactory for persistence unit 'default'
2021-06-29 22:23:05.090  INFO [dmp-fhe-patternsearch-service,,,] 54651 --- [main] s.c.a.AnnotationConfigApplicationContext : Refreshing org.springframework.context.annotation.AnnotationConfigApplicationContext@65a5d4f9: startup date [Tue Jun 29 22:23:05 CEST 2021]; root of context hierarchy
2021-06-29 22:23:05.305  INFO [dmp-fhe-patternsearch-service,,,] 54651 --- [main] f.a.AutowiredAnnotationBeanPostProcessor : JSR-330 'javax.inject.Inject' annotation found and supported for autowiring
2021-06-29 22:23:05.342  INFO [dmp-fhe-patternsearch-service,,,] 54651 --- [main] trationDelegate$BeanPostProcessorChecker : Bean 'configurationPropertiesRebinderAutoConfiguration' of type [org.springframework.cloud.autoconfigure.ConfigurationPropertiesRebinderAutoConfiguration$$EnhancerBySpringCGLIB$$58ad45ec] is not eligible for getting processed by all BeanPostProcessors (for example: not eligible for auto-proxying)
2021-06-29 22:23:05.720  INFO [dmp-fhe-patternsearch-service,,,] 54651 --- [main] c.c.c.ConfigServicePropertySourceLocator : Fetching config from server at: http://localhost:8888
2021-06-29 22:23:05.796  WARN [dmp-fhe-patternsearch-service,,,] 54651 --- [main] c.c.c.ConfigServicePropertySourceLocator : Could not locate PropertySource: I/O error on GET request for "http://localhost:8888/dmp-fhe-patternsearch-service/test": Connection refused; nested exception is java.net.ConnectException: Connection refused
2021-06-29 22:23:05.808  INFO [dmp-fhe-patternsearch-service,,,] 54651 --- [main] f.c.b.f.r.test.SampleRepositoryTest      : The following profiles are active: test
2021-06-29 22:23:05.811  INFO [dmp-fhe-patternsearch-service,,,] 54651 --- [main] ationConfigEmbeddedWebApplicationContext : Refreshing org.springframework.boot.context.embedded.AnnotationConfigEmbeddedWebApplicationContext@2d258eff: startup date [Tue Jun 29 22:23:05 CEST 2021]; parent: org.springframework.context.annotation.AnnotationConfigApplicationContext@65a5d4f9
2021-06-29 22:23:06.546  INFO [dmp-fhe-patternsearch-service,,,] 54651 --- [main] o.s.i.config.IntegrationRegistrar        : No bean named 'integrationHeaderChannelRegistry' has been explicitly defined. Therefore, a default DefaultHeaderChannelRegistry will be created.
2021-06-29 22:23:06.969  INFO [dmp-fhe-patternsearch-service,,,] 54651 --- [main] o.s.cloud.context.scope.GenericScope     : BeanFactory id=78312829-c4ad-3770-82f5-9a0c28885fd2
2021-06-29 22:23:07.027  INFO [dmp-fhe-patternsearch-service,,,] 54651 --- [main] faultConfiguringBeanFactoryPostProcessor : No bean named 'errorChannel' has been explicitly defined. Therefore, a default PublishSubscribeChannel will be created.
2021-06-29 22:23:07.031  INFO [dmp-fhe-patternsearch-service,,,] 54651 --- [main] faultConfiguringBeanFactoryPostProcessor : No bean named 'taskScheduler' has been explicitly defined. Therefore, a default ThreadPoolTaskScheduler will be created.
2021-06-29 22:23:07.043  INFO [dmp-fhe-patternsearch-service,,,] 54651 --- [main] f.a.AutowiredAnnotationBeanPostProcessor : JSR-330 'javax.inject.Inject' annotation found and supported for autowiring
2021-06-29 22:23:07.150  INFO [dmp-fhe-patternsearch-service,,,] 54651 --- [main] trationDelegate$BeanPostProcessorChecker : Bean 'org.springframework.cloud.sleuth.annotation.SleuthAnnotationAutoConfiguration' of type [org.springframework.cloud.sleuth.annotation.SleuthAnnotationAutoConfiguration$$EnhancerBySpringCGLIB$$3ef88921] is not eligible for getting processed by all BeanPostProcessors (for example: not eligible for auto-proxying)
2021-06-29 22:23:07.285  INFO [dmp-fhe-patternsearch-service,,,] 54651 --- [main] trationDelegate$BeanPostProcessorChecker : Bean 'sleuthAdvisorConfig' of type [org.springframework.cloud.sleuth.annotation.SleuthAdvisorConfig] is not eligible for getting processed by all BeanPostProcessors (for example: not eligible for auto-proxying)
2021-06-29 22:23:07.293  INFO [dmp-fhe-patternsearch-service,,,] 54651 --- [main] trationDelegate$BeanPostProcessorChecker : Bean 'org.springframework.transaction.annotation.ProxyTransactionManagementConfiguration' of type [org.springframework.transaction.annotation.ProxyTransactionManagementConfiguration$$EnhancerBySpringCGLIB$$3c9342ef] is not eligible for getting processed by all BeanPostProcessors (for example: not eligible for auto-proxying)
2021-06-29 22:23:07.335  INFO [dmp-fhe-patternsearch-service,,,] 54651 --- [main] trationDelegate$BeanPostProcessorChecker : Bean 'org.springframework.cloud.netflix.metrics.MetricsInterceptorConfiguration$MetricsRestTemplateConfiguration' of type [org.springframework.cloud.netflix.metrics.MetricsInterceptorConfiguration$MetricsRestTemplateConfiguration$$EnhancerBySpringCGLIB$$6ebfe930] is not eligible for getting processed by all BeanPostProcessors (for example: not eligible for auto-proxying)
2021-06-29 22:23:07.382  INFO [dmp-fhe-patternsearch-service,,,] 54651 --- [main] trationDelegate$BeanPostProcessorChecker : Bean 'integrationGlobalProperties' of type [org.springframework.beans.factory.config.PropertiesFactoryBean] is not eligible for getting processed by all BeanPostProcessors (for example: not eligible for auto-proxying)
2021-06-29 22:23:07.389  INFO [dmp-fhe-patternsearch-service,,,] 54651 --- [main] trationDelegate$BeanPostProcessorChecker : Bean 'integrationGlobalProperties' of type [java.util.Properties] is not eligible for getting processed by all BeanPostProcessors (for example: not eligible for auto-proxying)
2021-06-29 22:23:07.445  INFO [dmp-fhe-patternsearch-service,,,] 54651 --- [main] trationDelegate$BeanPostProcessorChecker : Bean 'org.springframework.cloud.autoconfigure.ConfigurationPropertiesRebinderAutoConfiguration' of type [org.springframework.cloud.autoconfigure.ConfigurationPropertiesRebinderAutoConfiguration$$EnhancerBySpringCGLIB$$58ad45ec] is not eligible for getting processed by all BeanPostProcessors (for example: not eligible for auto-proxying)
2021-06-29 22:23:07.455  INFO [dmp-fhe-patternsearch-service,,,] 54651 --- [main] trationDelegate$BeanPostProcessorChecker : Bean 'org.springframework.cloud.sleuth.instrument.web.client.feign.TraceFeignClientAutoConfiguration$FeignBeanPostProcessorConfiguration' of type [org.springframework.cloud.sleuth.instrument.web.client.feign.TraceFeignClientAutoConfiguration$FeignBeanPostProcessorConfiguration$$EnhancerBySpringCGLIB$$7c251bb5] is not eligible for getting processed by all BeanPostProcessors (for example: not eligible for auto-proxying)
2021-06-29 22:23:07.468  INFO [dmp-fhe-patternsearch-service,,,] 54651 --- [main] trationDelegate$BeanPostProcessorChecker : Bean 'org.springframework.cloud.sleuth.instrument.async.AsyncDefaultAutoConfiguration' of type [org.springframework.cloud.sleuth.instrument.async.AsyncDefaultAutoConfiguration$$EnhancerBySpringCGLIB$$2476ef0e] is not eligible for getting processed by all BeanPostProcessors (for example: not eligible for auto-proxying)
2021-06-29 22:23:07.481  INFO [dmp-fhe-patternsearch-service,,,] 54651 --- [main] trationDelegate$BeanPostProcessorChecker : Bean 'org.springframework.cloud.sleuth.instrument.web.client.TraceWebClientAutoConfiguration' of type [org.springframework.cloud.sleuth.instrument.web.client.TraceWebClientAutoConfiguration$$EnhancerBySpringCGLIB$$e9260e6e] is not eligible for getting processed by all BeanPostProcessors (for example: not eligible for auto-proxying)
2021-06-29 22:23:07.507  INFO [dmp-fhe-patternsearch-service,,,] 54651 --- [main] f.a.AutowiredAnnotationBeanPostProcessor : JSR-330 'javax.inject.Inject' annotation found and supported for autowiring
2021-06-29 22:23:07.879  INFO [dmp-fhe-patternsearch-service,,,] 54651 --- [main] s.b.c.e.t.TomcatEmbeddedServletContainer : Tomcat initialized with port(s): 0 (http)
2021-06-29 22:23:07.902  INFO [dmp-fhe-patternsearch-service,,,] 54651 --- [main] o.apache.catalina.core.StandardService   : Starting service [Tomcat]
2021-06-29 22:23:07.902  INFO [dmp-fhe-patternsearch-service,,,] 54651 --- [main] org.apache.catalina.core.StandardEngine  : Starting Servlet Engine: Apache Tomcat/8.5.35
2021-06-29 22:23:08.012  INFO [dmp-fhe-patternsearch-service,,,] 54651 --- [localhost-startStop-1] o.a.c.c.C.[Tomcat].[localhost].[/]       : Initializing Spring embedded WebApplicationContext
2021-06-29 22:23:08.012  INFO [dmp-fhe-patternsearch-service,,,] 54651 --- [localhost-startStop-1] o.s.web.context.ContextLoader            : Root WebApplicationContext: initialization completed in 2201 ms
2021-06-29 22:23:08.385  INFO [dmp-fhe-patternsearch-service,,,] 54651 --- [localhost-startStop-1] o.s.b.w.servlet.FilterRegistrationBean   : Mapping filter: 'metricsFilter' to: [/*]
2021-06-29 22:23:08.385  INFO [dmp-fhe-patternsearch-service,,,] 54651 --- [localhost-startStop-1] o.s.b.w.servlet.FilterRegistrationBean   : Mapping filter: 'characterEncodingFilter' to: [/*]
2021-06-29 22:23:08.386  INFO [dmp-fhe-patternsearch-service,,,] 54651 --- [localhost-startStop-1] o.s.b.w.servlet.FilterRegistrationBean   : Mapping filter: 'traceFilter' to: [/*]
2021-06-29 22:23:08.386  INFO [dmp-fhe-patternsearch-service,,,] 54651 --- [localhost-startStop-1] o.s.b.w.servlet.FilterRegistrationBean   : Mapping filter: 'hiddenHttpMethodFilter' to: [/*]
2021-06-29 22:23:08.386  INFO [dmp-fhe-patternsearch-service,,,] 54651 --- [localhost-startStop-1] o.s.b.w.servlet.FilterRegistrationBean   : Mapping filter: 'httpPutFormContentFilter' to: [/*]
2021-06-29 22:23:08.386  INFO [dmp-fhe-patternsearch-service,,,] 54651 --- [localhost-startStop-1] o.s.b.w.servlet.FilterRegistrationBean   : Mapping filter: 'requestContextFilter' to: [/*]
2021-06-29 22:23:08.386  INFO [dmp-fhe-patternsearch-service,,,] 54651 --- [localhost-startStop-1] o.s.b.w.servlet.FilterRegistrationBean   : Mapping filter: 'webRequestLoggingFilter' to: [/*]
2021-06-29 22:23:08.386  INFO [dmp-fhe-patternsearch-service,,,] 54651 --- [localhost-startStop-1] o.s.b.w.servlet.FilterRegistrationBean   : Mapping filter: 'applicationContextIdFilter' to: [/*]
2021-06-29 22:23:08.386  INFO [dmp-fhe-patternsearch-service,,,] 54651 --- [localhost-startStop-1] o.s.b.w.servlet.ServletRegistrationBean  : Mapping servlet: 'dispatcherServlet' to [/]
2021-06-29 22:23:09.548  INFO [dmp-fhe-patternsearch-service,,,] 54651 --- [main] j.LocalContainerEntityManagerFactoryBean : Building JPA container EntityManagerFactory for persistence unit 'default'
2021-06-29 22:23:09.558  INFO [dmp-fhe-patternsearch-service,,,] 54651 --- [main] o.hibernate.jpa.internal.util.LogHelper  : HHH000204: Processing PersistenceUnitInfo [
	name: default
	...]
2021-06-29 22:23:09.611  INFO [dmp-fhe-patternsearch-service,,,] 54651 --- [main] org.hibernate.Version                    : HHH000412: Hibernate Core {5.0.12.Final}
2021-06-29 22:23:09.613  INFO [dmp-fhe-patternsearch-service,,,] 54651 --- [main] org.hibernate.cfg.Environment            : HHH000206: hibernate.properties not found
2021-06-29 22:23:09.614  INFO [dmp-fhe-patternsearch-service,,,] 54651 --- [main] org.hibernate.cfg.Environment            : HHH000021: Bytecode provider name : javassist
2021-06-29 22:23:09.653  INFO [dmp-fhe-patternsearch-service,,,] 54651 --- [main] o.hibernate.annotations.common.Version   : HCANN000001: Hibernate Commons Annotations {5.0.1.Final}
2021-06-29 22:23:09.724  INFO [dmp-fhe-patternsearch-service,,,] 54651 --- [main] org.hibernate.dialect.Dialect            : HHH000400: Using dialect: org.hibernate.dialect.PostgreSQLDialect
2021-06-29 22:23:14.379  INFO [dmp-fhe-patternsearch-service,,,] 54651 --- [main] o.h.e.j.e.i.LobCreatorBuilderImpl        : HHH000424: Disabling contextual LOB creation as createClob() method threw error : java.lang.reflect.InvocationTargetException
2021-06-29 22:23:14.382  INFO [dmp-fhe-patternsearch-service,,,] 54651 --- [main] org.hibernate.type.BasicTypeRegistry     : HHH000270: Type registration [java.util.UUID] overrides previous : org.hibernate.type.UUIDBinaryType@7c8537e9
2021-06-29 22:23:14.683  INFO [dmp-fhe-patternsearch-service,,,] 54651 --- [main] org.hibernate.tool.hbm2ddl.SchemaUpdate  : HHH000228: Running hbm2ddl schema update
2021-06-29 22:23:15.193  INFO [dmp-fhe-patternsearch-service,,,] 54651 --- [main] j.LocalContainerEntityManagerFactoryBean : Initialized JPA EntityManagerFactory for persistence unit 'default'
2021-06-29 22:23:16.518  INFO [dmp-fhe-patternsearch-service,,,] 54651 --- [main] o.a.c.c.C.[Tomcat].[localhost].[/]       : jolokia: No access restrictor found, access to any MBean is allowed
2021-06-29 22:23:16.823  INFO [dmp-fhe-patternsearch-service,,,] 54651 --- [main] s.w.s.m.m.a.RequestMappingHandlerMapping : Mapped "{[/openapi/v1/crud-data-master/check/drivingLicense/01-uploadFile],methods=[POST]}" onto public org.springframework.http.ResponseEntity<java.lang.String> fr.cea.bigpi.fhe.dap.patternsearch.controller.ControllerImpl.uploadDrivingLicenseFile(org.springframework.web.multipart.MultipartFile,java.lang.String)
2021-06-29 22:23:16.823  INFO [dmp-fhe-patternsearch-service,,,] 54651 --- [main] s.w.s.m.m.a.RequestMappingHandlerMapping : Mapped "{[/openapi/v1/crud-data-master/check/drivingLicense/02-checkByFile],methods=[POST]}" onto public org.springframework.http.ResponseEntity<byte[]> fr.cea.bigpi.fhe.dap.patternsearch.controller.ControllerImpl.drivingLicenseCheckByFile(java.lang.String,java.lang.String)
2021-06-29 22:23:16.824  INFO [dmp-fhe-patternsearch-service,,,] 54651 --- [main] s.w.s.m.m.a.RequestMappingHandlerMapping : Mapped "{[/openapi/v1/crud-data-master/check/drivingLicense/checkByFilewList],methods=[POST]}" onto public org.springframework.http.ResponseEntity<byte[]> fr.cea.bigpi.fhe.dap.patternsearch.controller.ControllerImpl.drivingLicenseCheckByFilewList(java.lang.String,java.lang.String,java.util.ArrayList<java.lang.String>)
2021-06-29 22:23:16.824  INFO [dmp-fhe-patternsearch-service,,,] 54651 --- [main] s.w.s.m.m.a.RequestMappingHandlerMapping : Mapped "{[/openapi/v1/crud-data-master/check/drivingLicense/uploadFiles],methods=[POST]}" onto public org.springframework.http.ResponseEntity<fr.cea.bigpi.fhe.dap.patternsearch.model.FHEFileSystem> fr.cea.bigpi.fhe.dap.patternsearch.controller.ControllerImpl.concateFiles(fr.cea.bigpi.fhe.dap.patternsearch.model.FHEFileSystem,fr.cea.bigpi.fhe.dap.patternsearch.model.FHEFileSystem,java.lang.String)
2021-06-29 22:23:16.824  INFO [dmp-fhe-patternsearch-service,,,] 54651 --- [main] s.w.s.m.m.a.RequestMappingHandlerMapping : Mapped "{[/]}" onto public java.lang.String fr.cea.bigpi.fhe.dap.patternsearch.controller.HomeController.index()
2021-06-29 22:23:16.825  INFO [dmp-fhe-patternsearch-service,,,] 54651 --- [main] s.w.s.m.m.a.RequestMappingHandlerMapping : Mapped "{[/swagger-resources/configuration/security]}" onto public org.springframework.http.ResponseEntity<springfox.documentation.swagger.web.SecurityConfiguration> springfox.documentation.swagger.web.ApiResourceController.securityConfiguration()
2021-06-29 22:23:16.826  INFO [dmp-fhe-patternsearch-service,,,] 54651 --- [main] s.w.s.m.m.a.RequestMappingHandlerMapping : Mapped "{[/swagger-resources/configuration/ui]}" onto public org.springframework.http.ResponseEntity<springfox.documentation.swagger.web.UiConfiguration> springfox.documentation.swagger.web.ApiResourceController.uiConfiguration()
2021-06-29 22:23:16.826  INFO [dmp-fhe-patternsearch-service,,,] 54651 --- [main] s.w.s.m.m.a.RequestMappingHandlerMapping : Mapped "{[/swagger-resources]}" onto public org.springframework.http.ResponseEntity<java.util.List<springfox.documentation.swagger.web.SwaggerResource>> springfox.documentation.swagger.web.ApiResourceController.swaggerResources()
2021-06-29 22:23:16.828  INFO [dmp-fhe-patternsearch-service,,,] 54651 --- [main] s.w.s.m.m.a.RequestMappingHandlerMapping : Mapped "{[/error]}" onto public org.springframework.http.ResponseEntity<java.util.Map<java.lang.String, java.lang.Object>> org.springframework.boot.autoconfigure.web.BasicErrorController.error(javax.servlet.http.HttpServletRequest)
2021-06-29 22:23:16.828  INFO [dmp-fhe-patternsearch-service,,,] 54651 --- [main] s.w.s.m.m.a.RequestMappingHandlerMapping : Mapped "{[/error],produces=[text/html]}" onto public org.springframework.web.servlet.ModelAndView org.springframework.boot.autoconfigure.web.BasicErrorController.errorHtml(javax.servlet.http.HttpServletRequest,javax.servlet.http.HttpServletResponse)
2021-06-29 22:23:16.867  WARN [dmp-fhe-patternsearch-service,,,] 54651 --- [main] c.n.c.sources.URLConfigurationSource     : No URLs will be polled as dynamic configuration sources.
2021-06-29 22:23:16.867  INFO [dmp-fhe-patternsearch-service,,,] 54651 --- [main] c.n.c.sources.URLConfigurationSource     : To enable URLs as dynamic configuration sources, define System property archaius.configurationSource.additionalUrls or make config.properties available on classpath.
2021-06-29 22:23:16.871  INFO [dmp-fhe-patternsearch-service,,,] 54651 --- [main] c.netflix.config.DynamicPropertyFactory  : DynamicPropertyFactory is initialized with configuration sources: com.netflix.config.ConcurrentCompositeConfiguration@61d9da53
2021-06-29 22:23:17.375  INFO [dmp-fhe-patternsearch-service,,,] 54651 --- [main] o.s.b.a.e.mvc.EndpointHandlerMapping     : Mapped "{[/env/{name:.*}],methods=[GET],produces=[application/vnd.spring-boot.actuator.v1+json || application/json]}" onto public java.lang.Object org.springframework.boot.actuate.endpoint.mvc.EnvironmentMvcEndpoint.value(java.lang.String)
2021-06-29 22:23:17.375  INFO [dmp-fhe-patternsearch-service,,,] 54651 --- [main] o.s.b.a.e.mvc.EndpointHandlerMapping     : Mapped "{[/env || /env.json],methods=[GET],produces=[application/vnd.spring-boot.actuator.v1+json || application/json]}" onto public java.lang.Object org.springframework.boot.actuate.endpoint.mvc.EndpointMvcAdapter.invoke()
2021-06-29 22:23:17.376  INFO [dmp-fhe-patternsearch-service,,,] 54651 --- [main] o.s.b.a.e.mvc.EndpointHandlerMapping     : Mapped "{[/configprops || /configprops.json],methods=[GET],produces=[application/vnd.spring-boot.actuator.v1+json || application/json]}" onto public java.lang.Object org.springframework.boot.actuate.endpoint.mvc.EndpointMvcAdapter.invoke()
2021-06-29 22:23:17.376  INFO [dmp-fhe-patternsearch-service,,,] 54651 --- [main] o.s.b.a.e.mvc.EndpointHandlerMapping     : Mapped "{[/mappings || /mappings.json],methods=[GET],produces=[application/vnd.spring-boot.actuator.v1+json || application/json]}" onto public java.lang.Object org.springframework.boot.actuate.endpoint.mvc.EndpointMvcAdapter.invoke()
2021-06-29 22:23:17.377  INFO [dmp-fhe-patternsearch-service,,,] 54651 --- [main] o.s.b.a.e.mvc.EndpointHandlerMapping     : Mapped "{[/features || /features.json],methods=[GET],produces=[application/vnd.spring-boot.actuator.v1+json || application/json]}" onto public java.lang.Object org.springframework.boot.actuate.endpoint.mvc.EndpointMvcAdapter.invoke()
2021-06-29 22:23:17.378  INFO [dmp-fhe-patternsearch-service,,,] 54651 --- [main] o.s.b.a.e.mvc.EndpointHandlerMapping     : Mapped "{[/info || /info.json],methods=[GET],produces=[application/vnd.spring-boot.actuator.v1+json || application/json]}" onto public java.lang.Object org.springframework.boot.actuate.endpoint.mvc.EndpointMvcAdapter.invoke()
2021-06-29 22:23:17.379  INFO [dmp-fhe-patternsearch-service,,,] 54651 --- [main] o.s.b.a.e.mvc.EndpointHandlerMapping     : Mapped "{[/loggers/{name:.*}],methods=[GET],produces=[application/vnd.spring-boot.actuator.v1+json || application/json]}" onto public java.lang.Object org.springframework.boot.actuate.endpoint.mvc.LoggersMvcEndpoint.get(java.lang.String)
2021-06-29 22:23:17.380  INFO [dmp-fhe-patternsearch-service,,,] 54651 --- [main] o.s.b.a.e.mvc.EndpointHandlerMapping     : Mapped "{[/loggers/{name:.*}],methods=[POST],consumes=[application/vnd.spring-boot.actuator.v1+json || application/json],produces=[application/vnd.spring-boot.actuator.v1+json || application/json]}" onto public java.lang.Object org.springframework.boot.actuate.endpoint.mvc.LoggersMvcEndpoint.set(java.lang.String,java.util.Map<java.lang.String, java.lang.String>)
2021-06-29 22:23:17.380  INFO [dmp-fhe-patternsearch-service,,,] 54651 --- [main] o.s.b.a.e.mvc.EndpointHandlerMapping     : Mapped "{[/loggers || /loggers.json],methods=[GET],produces=[application/vnd.spring-boot.actuator.v1+json || application/json]}" onto public java.lang.Object org.springframework.boot.actuate.endpoint.mvc.EndpointMvcAdapter.invoke()
2021-06-29 22:23:17.381  INFO [dmp-fhe-patternsearch-service,,,] 54651 --- [main] o.s.b.a.e.mvc.EndpointHandlerMapping     : Mapped "{[/jolokia/**]}" onto public org.springframework.web.servlet.ModelAndView org.springframework.boot.actuate.endpoint.mvc.JolokiaMvcEndpoint.handle(javax.servlet.http.HttpServletRequest,javax.servlet.http.HttpServletResponse) throws java.lang.Exception
2021-06-29 22:23:17.381  INFO [dmp-fhe-patternsearch-service,,,] 54651 --- [main] o.s.b.a.e.mvc.EndpointHandlerMapping     : Mapped "{[/health || /health.json],methods=[GET],produces=[application/vnd.spring-boot.actuator.v1+json || application/json]}" onto public java.lang.Object org.springframework.boot.actuate.endpoint.mvc.HealthMvcEndpoint.invoke(javax.servlet.http.HttpServletRequest,java.security.Principal)
2021-06-29 22:23:17.382  INFO [dmp-fhe-patternsearch-service,,,] 54651 --- [main] o.s.b.a.e.mvc.EndpointHandlerMapping     : Mapped "{[/heapdump || /heapdump.json],methods=[GET],produces=[application/octet-stream]}" onto public void org.springframework.boot.actuate.endpoint.mvc.HeapdumpMvcEndpoint.invoke(boolean,javax.servlet.http.HttpServletRequest,javax.servlet.http.HttpServletResponse) throws java.io.IOException,javax.servlet.ServletException
2021-06-29 22:23:17.383  INFO [dmp-fhe-patternsearch-service,,,] 54651 --- [main] o.s.b.a.e.mvc.EndpointHandlerMapping     : Mapped "{[/metrics/{name:.*}],methods=[GET],produces=[application/vnd.spring-boot.actuator.v1+json || application/json]}" onto public java.lang.Object org.springframework.boot.actuate.endpoint.mvc.MetricsMvcEndpoint.value(java.lang.String)
2021-06-29 22:23:17.384  INFO [dmp-fhe-patternsearch-service,,,] 54651 --- [main] o.s.b.a.e.mvc.EndpointHandlerMapping     : Mapped "{[/metrics || /metrics.json],methods=[GET],produces=[application/vnd.spring-boot.actuator.v1+json || application/json]}" onto public java.lang.Object org.springframework.boot.actuate.endpoint.mvc.EndpointMvcAdapter.invoke()
2021-06-29 22:23:17.384  INFO [dmp-fhe-patternsearch-service,,,] 54651 --- [main] o.s.b.a.e.mvc.EndpointHandlerMapping     : Mapped "{[/beans || /beans.json],methods=[GET],produces=[application/vnd.spring-boot.actuator.v1+json || application/json]}" onto public java.lang.Object org.springframework.boot.actuate.endpoint.mvc.EndpointMvcAdapter.invoke()
2021-06-29 22:23:17.385  INFO [dmp-fhe-patternsearch-service,,,] 54651 --- [main] o.s.b.a.e.mvc.EndpointHandlerMapping     : Mapped "{[/autoconfig || /autoconfig.json],methods=[GET],produces=[application/vnd.spring-boot.actuator.v1+json || application/json]}" onto public java.lang.Object org.springframework.boot.actuate.endpoint.mvc.EndpointMvcAdapter.invoke()
2021-06-29 22:23:17.385  INFO [dmp-fhe-patternsearch-service,,,] 54651 --- [main] o.s.b.a.e.mvc.EndpointHandlerMapping     : Mapped "{[/hystrix.stream/**]}" onto public org.springframework.web.servlet.ModelAndView org.springframework.cloud.netflix.endpoint.ServletWrappingEndpoint.handle(javax.servlet.http.HttpServletRequest,javax.servlet.http.HttpServletResponse) throws java.lang.Exception
2021-06-29 22:23:17.385  INFO [dmp-fhe-patternsearch-service,,,] 54651 --- [main] o.s.b.a.e.mvc.EndpointHandlerMapping     : Mapped "{[/refresh || /refresh.json],methods=[POST]}" onto public java.lang.Object org.springframework.cloud.endpoint.GenericPostableMvcEndpoint.invoke()
2021-06-29 22:23:17.386  INFO [dmp-fhe-patternsearch-service,,,] 54651 --- [main] o.s.b.a.e.mvc.EndpointHandlerMapping     : Mapped "{[/archaius || /archaius.json],methods=[GET],produces=[application/vnd.spring-boot.actuator.v1+json || application/json]}" onto public java.lang.Object org.springframework.boot.actuate.endpoint.mvc.EndpointMvcAdapter.invoke()
2021-06-29 22:23:17.386  INFO [dmp-fhe-patternsearch-service,,,] 54651 --- [main] o.s.b.a.e.mvc.EndpointHandlerMapping     : Mapped "{[/auditevents || /auditevents.json],methods=[GET],produces=[application/vnd.spring-boot.actuator.v1+json || application/json]}" onto public org.springframework.http.ResponseEntity<?> org.springframework.boot.actuate.endpoint.mvc.AuditEventsMvcEndpoint.findByPrincipalAndAfterAndType(java.lang.String,java.util.Date,java.lang.String)
2021-06-29 22:23:17.387  INFO [dmp-fhe-patternsearch-service,,,] 54651 --- [main] o.s.b.a.e.mvc.EndpointHandlerMapping     : Mapped "{[/env],methods=[POST]}" onto public java.lang.Object org.springframework.cloud.context.environment.EnvironmentManagerMvcEndpoint.value(java.util.Map<java.lang.String, java.lang.String>)
2021-06-29 22:23:17.387  INFO [dmp-fhe-patternsearch-service,,,] 54651 --- [main] o.s.b.a.e.mvc.EndpointHandlerMapping     : Mapped "{[/env/reset],methods=[POST]}" onto public java.util.Map<java.lang.String, java.lang.Object> org.springframework.cloud.context.environment.EnvironmentManagerMvcEndpoint.reset()
2021-06-29 22:23:17.388  INFO [dmp-fhe-patternsearch-service,,,] 54651 --- [main] o.s.b.a.e.mvc.EndpointHandlerMapping     : Mapped "{[/trace || /trace.json],methods=[GET],produces=[application/vnd.spring-boot.actuator.v1+json || application/json]}" onto public java.lang.Object org.springframework.boot.actuate.endpoint.mvc.EndpointMvcAdapter.invoke()
2021-06-29 22:23:17.388  INFO [dmp-fhe-patternsearch-service,,,] 54651 --- [main] o.s.b.a.e.mvc.EndpointHandlerMapping     : Mapped "{[/dump || /dump.json],methods=[GET],produces=[application/vnd.spring-boot.actuator.v1+json || application/json]}" onto public java.lang.Object org.springframework.boot.actuate.endpoint.mvc.EndpointMvcAdapter.invoke()
2021-06-29 22:23:17.571  INFO [dmp-fhe-patternsearch-service,,,] 54651 --- [main] pertySourcedRequestMappingHandlerMapping : Mapped URL path [/v2/api-docs] onto method [public org.springframework.http.ResponseEntity<springfox.documentation.spring.web.json.Json> springfox.documentation.swagger2.web.Swagger2Controller.getDocumentation(java.lang.String,javax.servlet.http.HttpServletRequest)]
2021-06-29 22:23:17.679  INFO [dmp-fhe-patternsearch-service,,,] 54651 --- [main] o.a.c.c.C.[Tomcat].[localhost].[/]       : Initializing Spring FrameworkServlet ''
2021-06-29 22:23:17.679  INFO [dmp-fhe-patternsearch-service,,,] 54651 --- [main] o.s.t.web.servlet.TestDispatcherServlet  : FrameworkServlet '': initialization started
2021-06-29 22:23:17.732  INFO [dmp-fhe-patternsearch-service,,,] 54651 --- [main] o.s.w.s.handler.SimpleUrlHandlerMapping  : Mapped URL path [/webjars/**] onto handler of type [class org.springframework.web.servlet.resource.ResourceHttpRequestHandler]
2021-06-29 22:23:17.732  INFO [dmp-fhe-patternsearch-service,,,] 54651 --- [main] o.s.w.s.handler.SimpleUrlHandlerMapping  : Mapped URL path [/**] onto handler of type [class org.springframework.web.servlet.resource.ResourceHttpRequestHandler]
2021-06-29 22:23:17.778  INFO [dmp-fhe-patternsearch-service,,,] 54651 --- [main] o.s.w.s.handler.SimpleUrlHandlerMapping  : Mapped URL path [/**/favicon.ico] onto handler of type [class org.springframework.web.servlet.resource.ResourceHttpRequestHandler]
2021-06-29 22:23:17.902  INFO [dmp-fhe-patternsearch-service,,,] 54651 --- [main] s.w.s.m.m.a.RequestMappingHandlerAdapter : Looking for @ControllerAdvice: org.springframework.boot.context.embedded.AnnotationConfigEmbeddedWebApplicationContext@2d258eff: startup date [Tue Jun 29 22:23:05 CEST 2021]; parent: org.springframework.context.annotation.AnnotationConfigApplicationContext@65a5d4f9
2021-06-29 22:23:18.068  WARN [dmp-fhe-patternsearch-service,,,] 54651 --- [main] .t.AbstractTemplateResolverConfiguration : Cannot find template location: classpath:/templates/ (please add some templates or check your Thymeleaf configuration)
2021-06-29 22:23:18.318  INFO [dmp-fhe-patternsearch-service,,,] 54651 --- [main] o.s.t.web.servlet.TestDispatcherServlet  : FrameworkServlet '': initialization completed in 639 ms
2021-06-29 22:23:18.355  WARN [dmp-fhe-patternsearch-service,,,] 54651 --- [main] c.n.c.sources.URLConfigurationSource     : No URLs will be polled as dynamic configuration sources.
2021-06-29 22:23:18.355  INFO [dmp-fhe-patternsearch-service,,,] 54651 --- [main] c.n.c.sources.URLConfigurationSource     : To enable URLs as dynamic configuration sources, define System property archaius.configurationSource.additionalUrls or make config.properties available on classpath.
2021-06-29 22:23:18.620  INFO [dmp-fhe-patternsearch-service,,,] 54651 --- [main] o.s.s.c.ThreadPoolTaskScheduler          : Initializing ExecutorService 'taskScheduler'
2021-06-29 22:23:19.133  INFO [dmp-fhe-patternsearch-service,,,] 54651 --- [main] o.s.s.c.ThreadPoolTaskScheduler          : Initializing ExecutorService
2021-06-29 22:23:19.180  INFO [dmp-fhe-patternsearch-service,,,] 54651 --- [main] f.a.AutowiredAnnotationBeanPostProcessor : JSR-330 'javax.inject.Inject' annotation found and supported for autowiring
2021-06-29 22:23:19.558  INFO [dmp-fhe-patternsearch-service,,,] 54651 --- [main] o.a.c.c.C.[Tomcat].[localhost].[/]       : jolokia: No access restrictor found, access to any MBean is allowed
2021-06-29 22:23:19.561  INFO [dmp-fhe-patternsearch-service,,,] 54651 --- [main] o.a.c.c.C.[Tomcat].[localhost].[/]       : jolokia: jolokia:type=Config is already registered. Adding it with jolokia:type=Config,uuid=568cce0f-04c0-4c38-9ac1-0406267d54fe, but you should revise your setup in order to either use a qualifier or ensure, that only a single agent gets registered (otherwise history functionality might not work)
2021-06-29 22:23:19.561  INFO [dmp-fhe-patternsearch-service,,,] 54651 --- [main] o.a.c.c.C.[Tomcat].[localhost].[/]       : jolokia: Cannot register (legacy) MBean handler for config store with name jmx4perl:type=Config since it already exists. This is the case if another agent has been already started within the same JVM. The registration is skipped.
2021-06-29 22:23:19.561  INFO [dmp-fhe-patternsearch-service,,,] 54651 --- [main] o.a.c.c.C.[Tomcat].[localhost].[/]       : jolokia: Jolokia Discovery MBean registration is skipped because there is already one registered.
2021-06-29 22:23:19.613  INFO [dmp-fhe-patternsearch-service,,,] 54651 --- [main] o.s.c.support.DefaultLifecycleProcessor  : Starting beans in phase 0
2021-06-29 22:23:19.614  INFO [dmp-fhe-patternsearch-service,,,] 54651 --- [main] o.s.i.endpoint.EventDrivenConsumer       : Adding {logging-channel-adapter:_org.springframework.integration.errorLogger} as a subscriber to the 'errorChannel' channel
2021-06-29 22:23:19.614  INFO [dmp-fhe-patternsearch-service,,,] 54651 --- [main] o.s.i.channel.PublishSubscribeChannel    : Channel 'dmp-fhe-patternsearch-service:test:0.errorChannel' has 1 subscriber(s).
2021-06-29 22:23:19.614  INFO [dmp-fhe-patternsearch-service,,,] 54651 --- [main] o.s.i.endpoint.EventDrivenConsumer       : started _org.springframework.integration.errorLogger
2021-06-29 22:23:19.614  INFO [dmp-fhe-patternsearch-service,,,] 54651 --- [main] o.s.c.support.DefaultLifecycleProcessor  : Starting beans in phase 2147483647
2021-06-29 22:23:19.614  INFO [dmp-fhe-patternsearch-service,,,] 54651 --- [main] d.s.w.p.DocumentationPluginsBootstrapper : Context refreshed
2021-06-29 22:23:19.630  INFO [dmp-fhe-patternsearch-service,,,] 54651 --- [main] d.s.w.p.DocumentationPluginsBootstrapper : Found 1 custom documentation plugin(s)
2021-06-29 22:23:19.660  INFO [dmp-fhe-patternsearch-service,,,] 54651 --- [main] s.d.s.w.s.ApiListingReferenceScanner     : Scanning for api listing references
2021-06-29 22:23:19.749  INFO [dmp-fhe-patternsearch-service,,,] 54651 --- [main] .d.s.w.r.o.CachingOperationNameGenerator : Generating unique operation named: drivingLicenseCheckByFile_1
2021-06-29 22:23:19.775  INFO [dmp-fhe-patternsearch-service,,,] 54651 --- [main] ration$HystrixMetricsPollerConfiguration : Starting poller
2021-06-29 22:23:19.852  INFO [dmp-fhe-patternsearch-service,,,] 54651 --- [main] s.b.c.e.t.TomcatEmbeddedServletContainer : Tomcat started on port(s): 42169 (http)
2021-06-29 22:23:19.859  INFO [dmp-fhe-patternsearch-service,,,] 54651 --- [main] f.c.b.f.r.test.SampleRepositoryTest      : Started SampleRepositoryTest in 15.556 seconds (JVM running for 16.489)
2021-06-29 22:23:19.888  INFO [dmp-fhe-patternsearch-service,,,] 54651 --- [main] f.c.b.f.r.test.SampleRepositoryTest      : Testing 1
2021-06-29 22:23:20.001  INFO [dmp-fhe-patternsearch-service,,,] 54651 --- [main] f.c.b.f.r.test.SampleRepositoryTest      : REsponse dmp-fhe-patternsearch-service say <test01get>
2021-06-29 22:23:20.008  INFO [dmp-fhe-patternsearch-service,,,] 54651 --- [main] f.c.b.f.r.test.SampleRepositoryTest      : Testing a+b groovy 
2021-06-29 22:23:20.230  INFO [dmp-fhe-patternsearch-service,,,] 54651 --- [main] f.c.b.f.r.test.SampleRepositoryTest      : Testing a+b groovy result : 'Tests 21 + 12'

2021-06-29 22:23:20.236  INFO [dmp-fhe-patternsearch-service,,,] 54651 --- [Thread-7] ationConfigEmbeddedWebApplicationContext : Closing org.springframework.boot.context.embedded.AnnotationConfigEmbeddedWebApplicationContext@2d258eff: startup date [Tue Jun 29 22:23:05 CEST 2021]; parent: org.springframework.context.annotation.AnnotationConfigApplicationContext@65a5d4f9
2021-06-29 22:23:20.239  INFO [dmp-fhe-patternsearch-service,,,] 54651 --- [Thread-7] o.s.c.support.DefaultLifecycleProcessor  : Stopping beans in phase 2147483647
2021-06-29 22:23:20.242  INFO [dmp-fhe-patternsearch-service,,,] 54651 --- [Thread-7] o.s.c.support.DefaultLifecycleProcessor  : Stopping beans in phase 0
2021-06-29 22:23:20.243  INFO [dmp-fhe-patternsearch-service,,,] 54651 --- [Thread-7] o.s.i.endpoint.EventDrivenConsumer       : Removing {logging-channel-adapter:_org.springframework.integration.errorLogger} as a subscriber to the 'errorChannel' channel
2021-06-29 22:23:20.243  INFO [dmp-fhe-patternsearch-service,,,] 54651 --- [Thread-7] o.s.i.channel.PublishSubscribeChannel    : Channel 'dmp-fhe-patternsearch-service:test:0.errorChannel' has 0 subscriber(s).
2021-06-29 22:23:20.243  INFO [dmp-fhe-patternsearch-service,,,] 54651 --- [Thread-7] o.s.i.endpoint.EventDrivenConsumer       : stopped _org.springframework.integration.errorLogger
2021-06-29 22:23:20.244  INFO [dmp-fhe-patternsearch-service,,,] 54651 --- [Thread-7] o.s.s.c.ThreadPoolTaskScheduler          : Shutting down ExecutorService 'taskScheduler'
2021-06-29 22:23:20.251  INFO [dmp-fhe-patternsearch-service,,,] 54651 --- [Thread-7] j.LocalContainerEntityManagerFactoryBean : Closing JPA EntityManagerFactory for persistence unit 'default'
